<?xml version="1.0" encoding="UTF-8"?>
<!-- Generated by org.testng.reporters.JUnitReportReporter -->
<testsuite skipped="0" hostname="Samsung-PC" name="learn.testng.Class1" tests="3" failures="0" timestamp="30 Mar 2019 09:04:12 GMT" time="0.013" errors="0">
  <testcase name="addvendor" time="0.007" classname="learn.testng.Class1"/>
  <testcase name="addproduct" time="0.003" classname="learn.testng.Class1"/>
  <testcase name="addcurrency" time="0.003" classname="learn.testng.Class1"/>
</testsuite> <!-- learn.testng.Class1 -->
