<?xml version="1.0" encoding="UTF-8"?>
<!-- Generated by org.testng.reporters.JUnitReportReporter -->
<testsuite hostname="Samsung-PC" failures="0" tests="3" name="pages.LoginPageSteps" time="44.103" errors="0" timestamp="07 Apr 2019 12:24:22 GMT" skipped="0">
  <testcase classname="pages.LoginPageSteps" name="CheckLoginPageSuccess" time="14.868"/>
  <testcase classname="pages.LoginPageSteps" name="CheckLoginPageSuccess" time="14.032"/>
  <testcase classname="pages.LoginPageSteps" name="CheckLoginPageSuccess" time="15.203"/>
</testsuite> <!-- pages.LoginPageSteps -->
