<?xml version="1.0" encoding="UTF-8"?>
<!-- Generated by org.testng.reporters.JUnitReportReporter -->
<testsuite skipped="0" hostname="Samsung-PC" name="grouptestcases.Class3" tests="5" failures="0" timestamp="30 Mar 2019 09:19:49 GMT" time="0.026" errors="0">
  <testcase name="billpayment" time="0.003" classname="grouptestcases.Class3"/>
  <testcase name="advancedsearch" time="0.016" classname="grouptestcases.Class3"/>
  <testcase name="prepaidrecharge" time="0.003" classname="grouptestcases.Class3"/>
  <testcase name="login" time="0.002" classname="grouptestcases.Class3"/>
  <testcase name="logout" time="0.002" classname="grouptestcases.Class3"/>
</testsuite> <!-- grouptestcases.Class3 -->
