<?xml version="1.0" encoding="UTF-8"?>
<!-- Generated by org.testng.reporters.JUnitReportReporter -->
<testsuite skipped="0" hostname="Samsung-PC" name="learn.testng.Class2" tests="3" failures="0" timestamp="29 Mar 2019 17:48:51 GMT" time="0.016" errors="0">
  <testcase name="deletevendor" time="0.004" classname="learn.testng.Class2"/>
  <testcase name="deleteproduct" time="0.010" classname="learn.testng.Class2"/>
  <testcase name="deletecurrency" time="0.002" classname="learn.testng.Class2"/>
</testsuite> <!-- learn.testng.Class2 -->
